{"/Users/lian.johnson/Projects/simple-limiter/src/TokenBucket.js":{"path":"/Users/lian.johnson/Projects/simple-limiter/src/TokenBucket.js","s":{"1":1,"2":1,"3":1,"4":20,"5":20,"6":20,"7":20,"8":20,"9":4,"10":19,"11":19,"12":6,"13":2,"14":4,"15":4,"16":3,"17":4,"18":1,"19":1},"b":{"1":[20,8],"2":[20,8],"3":[20,8],"4":[20,8],"5":[2,4],"6":[4,3],"7":[3,1]},"f":{"1":20,"2":19,"3":6,"4":4,"5":1},"fnMap":{"1":{"name":"(anonymous_1)","line":25,"loc":{"start":{"line":25,"column":13},"end":{"line":25,"column":22}}},"2":{"name":"(anonymous_2)","line":41,"loc":{"start":{"line":41,"column":9},"end":{"line":41,"column":12}}},"3":{"name":"(anonymous_3)","line":51,"loc":{"start":{"line":51,"column":18},"end":{"line":51,"column":21}}},"4":{"name":"(anonymous_4)","line":64,"loc":{"start":{"line":64,"column":17},"end":{"line":64,"column":26}}},"5":{"name":"(anonymous_5)","line":79,"loc":{"start":{"line":79,"column":20},"end":{"line":79,"column":23}}}},"statementMap":{"1":{"start":{"line":3,"column":0},"end":{"line":3,"column":29}},"2":{"start":{"line":4,"column":0},"end":{"line":4,"column":31}},"3":{"start":{"line":5,"column":0},"end":{"line":5,"column":28}},"4":{"start":{"line":26,"column":4},"end":{"line":26,"column":26}},"5":{"start":{"line":28,"column":4},"end":{"line":28,"column":54}},"6":{"start":{"line":30,"column":4},"end":{"line":30,"column":61}},"7":{"start":{"line":31,"column":4},"end":{"line":31,"column":59}},"8":{"start":{"line":33,"column":4},"end":{"line":35,"column":15}},"9":{"start":{"line":34,"column":6},"end":{"line":34,"column":30}},"10":{"start":{"line":42,"column":4},"end":{"line":42,"column":34}},"11":{"start":{"line":43,"column":4},"end":{"line":43,"column":26}},"12":{"start":{"line":52,"column":4},"end":{"line":54,"column":5}},"13":{"start":{"line":53,"column":6},"end":{"line":53,"column":36}},"14":{"start":{"line":65,"column":4},"end":{"line":65,"column":25}},"15":{"start":{"line":67,"column":4},"end":{"line":69,"column":5}},"16":{"start":{"line":68,"column":6},"end":{"line":68,"column":28}},"17":{"start":{"line":71,"column":4},"end":{"line":71,"column":23}},"18":{"start":{"line":80,"column":4},"end":{"line":80,"column":23}},"19":{"start":{"line":85,"column":0},"end":{"line":85,"column":29}}},"branchMap":{"1":{"line":26,"type":"binary-expr","locations":[{"start":{"line":26,"column":13},"end":{"line":26,"column":19}},{"start":{"line":26,"column":23},"end":{"line":26,"column":25}}]},"2":{"line":28,"type":"binary-expr","locations":[{"start":{"line":28,"column":22},"end":{"line":28,"column":35}},{"start":{"line":28,"column":39},"end":{"line":28,"column":53}}]},"3":{"line":30,"type":"binary-expr","locations":[{"start":{"line":30,"column":31},"end":{"line":30,"column":43}},{"start":{"line":30,"column":47},"end":{"line":30,"column":60}}]},"4":{"line":31,"type":"binary-expr","locations":[{"start":{"line":31,"column":21},"end":{"line":31,"column":37}},{"start":{"line":31,"column":41},"end":{"line":31,"column":58}}]},"5":{"line":52,"type":"if","locations":[{"start":{"line":52,"column":4},"end":{"line":52,"column":4}},{"start":{"line":52,"column":4},"end":{"line":52,"column":4}}]},"6":{"line":65,"type":"binary-expr","locations":[{"start":{"line":65,"column":13},"end":{"line":65,"column":19}},{"start":{"line":65,"column":23},"end":{"line":65,"column":24}}]},"7":{"line":67,"type":"if","locations":[{"start":{"line":67,"column":4},"end":{"line":67,"column":4}},{"start":{"line":67,"column":4},"end":{"line":67,"column":4}}]}}},"/Users/lian.johnson/Projects/simple-limiter/src/RateLimiter.js":{"path":"/Users/lian.johnson/Projects/simple-limiter/src/RateLimiter.js","s":{"1":30,"2":30,"3":30,"4":30,"5":30,"6":30,"7":24,"8":24,"9":24,"10":30,"11":30,"12":29,"13":15,"14":15,"15":50,"16":8,"17":21,"18":21,"19":15,"20":15,"21":15,"22":12,"23":8,"24":8,"25":8,"26":17,"27":13,"28":13,"29":30},"b":{"1":[24,6],"2":[8,42],"3":[50,48],"4":[15,6]},"f":{"1":30,"2":29,"3":50,"4":21,"5":12,"6":17},"fnMap":{"1":{"name":"(anonymous_1)","line":21,"loc":{"start":{"line":21,"column":13},"end":{"line":21,"column":22}}},"2":{"name":"(anonymous_2)","line":39,"loc":{"start":{"line":39,"column":9},"end":{"line":39,"column":12}}},"3":{"name":"(anonymous_3)","line":53,"loc":{"start":{"line":53,"column":19},"end":{"line":53,"column":25}}},"4":{"name":"(anonymous_4)","line":65,"loc":{"start":{"line":65,"column":20},"end":{"line":65,"column":26}}},"5":{"name":"(anonymous_5)","line":84,"loc":{"start":{"line":84,"column":17},"end":{"line":84,"column":31}}},"6":{"name":"(anonymous_6)","line":99,"loc":{"start":{"line":99,"column":20},"end":{"line":99,"column":26}}}},"statementMap":{"1":{"start":{"line":3,"column":0},"end":{"line":3,"column":45}},"2":{"start":{"line":4,"column":0},"end":{"line":4,"column":38}},"3":{"start":{"line":22,"column":4},"end":{"line":22,"column":25}},"4":{"start":{"line":23,"column":4},"end":{"line":23,"column":25}},"5":{"start":{"line":24,"column":4},"end":{"line":24,"column":25}},"6":{"start":{"line":26,"column":4},"end":{"line":30,"column":5}},"7":{"start":{"line":27,"column":6},"end":{"line":27,"column":31}},"8":{"start":{"line":28,"column":6},"end":{"line":28,"column":32}},"9":{"start":{"line":29,"column":6},"end":{"line":29,"column":35}},"10":{"start":{"line":32,"column":4},"end":{"line":32,"column":47}},"11":{"start":{"line":33,"column":4},"end":{"line":33,"column":27}},"12":{"start":{"line":40,"column":4},"end":{"line":43,"column":7}},"13":{"start":{"line":41,"column":6},"end":{"line":41,"column":39}},"14":{"start":{"line":42,"column":6},"end":{"line":42,"column":36}},"15":{"start":{"line":54,"column":4},"end":{"line":56,"column":5}},"16":{"start":{"line":55,"column":6},"end":{"line":55,"column":49}},"17":{"start":{"line":66,"column":4},"end":{"line":66,"column":32}},"18":{"start":{"line":68,"column":4},"end":{"line":73,"column":5}},"19":{"start":{"line":69,"column":6},"end":{"line":69,"column":38}},"20":{"start":{"line":70,"column":6},"end":{"line":70,"column":40}},"21":{"start":{"line":72,"column":6},"end":{"line":72,"column":66}},"22":{"start":{"line":85,"column":4},"end":{"line":85,"column":32}},"23":{"start":{"line":86,"column":4},"end":{"line":86,"column":33}},"24":{"start":{"line":87,"column":4},"end":{"line":87,"column":51}},"25":{"start":{"line":89,"column":4},"end":{"line":89,"column":55}},"26":{"start":{"line":100,"column":4},"end":{"line":100,"column":32}},"27":{"start":{"line":101,"column":4},"end":{"line":101,"column":33}},"28":{"start":{"line":103,"column":4},"end":{"line":103,"column":55}},"29":{"start":{"line":108,"column":0},"end":{"line":108,"column":29}}},"branchMap":{"1":{"line":26,"type":"if","locations":[{"start":{"line":26,"column":4},"end":{"line":26,"column":4}},{"start":{"line":26,"column":4},"end":{"line":26,"column":4}}]},"2":{"line":54,"type":"if","locations":[{"start":{"line":54,"column":4},"end":{"line":54,"column":4}},{"start":{"line":54,"column":4},"end":{"line":54,"column":4}}]},"3":{"line":54,"type":"binary-expr","locations":[{"start":{"line":54,"column":8},"end":{"line":54,"column":19}},{"start":{"line":54,"column":23},"end":{"line":54,"column":46}}]},"4":{"line":68,"type":"if","locations":[{"start":{"line":68,"column":4},"end":{"line":68,"column":4}},{"start":{"line":68,"column":4},"end":{"line":68,"column":4}}]}}}}