TN:
SF:/Users/lian.johnson/Projects/simple-limiter/src/Eligibility.js
FN:15,(anonymous_1)
FN:39,(anonymous_2)
FN:58,(anonymous_3)
FNF:3
FNH:3
FNDA:24,(anonymous_1)
FNDA:14,(anonymous_2)
FNDA:7,(anonymous_3)
DA:3,1
DA:4,1
DA:16,24
DA:17,24
DA:19,24
DA:20,18
DA:21,18
DA:23,18
DA:24,18
DA:28,24
DA:29,24
DA:30,24
DA:31,24
DA:33,24
DA:42,14
DA:43,14
DA:44,14
DA:46,14
DA:47,3
DA:48,3
DA:49,3
DA:52,14
DA:59,7
DA:60,7
DA:62,7
DA:63,7
DA:68,1
LF:27
LH:27
BRDA:19,1,0,18
BRDA:19,1,1,6
BRDA:20,2,0,18
BRDA:20,2,1,0
BRDA:23,3,0,18
BRDA:23,3,1,0
BRDA:46,4,0,3
BRDA:46,4,1,11
BRDA:62,5,0,7
BRDA:62,5,1,7
BRF:10
BRH:8
end_of_record
TN:
SF:/Users/lian.johnson/Projects/simple-limiter/src/Limiter.js
FN:17,(anonymous_1)
FN:38,(anonymous_2)
FNF:2
FNH:2
FNDA:16,(anonymous_1)
FNDA:4,(anonymous_2)
DA:3,1
DA:4,1
DA:6,1
DA:18,16
DA:19,16
DA:20,16
DA:22,16
DA:24,11
DA:25,11
DA:28,11
DA:29,11
DA:32,16
DA:33,16
DA:40,4
DA:41,1
DA:44,3
DA:45,3
DA:46,3
DA:47,3
DA:49,3
DA:50,2
DA:59,3
DA:64,3
DA:69,1
LF:24
LH:24
BRDA:22,1,0,11
BRDA:22,1,1,5
BRDA:24,2,0,11
BRDA:24,2,1,0
BRDA:40,3,0,1
BRDA:40,3,1,3
BRDA:49,4,0,2
BRDA:49,4,1,1
BRF:8
BRH:7
end_of_record
