TN:
SF:/Users/lian.johnson/Projects/simple-limiter/src/TokenBucket.js
FN:25,(anonymous_1)
FN:41,(anonymous_2)
FN:51,(anonymous_3)
FN:68,(anonymous_4)
FN:86,(anonymous_5)
FNF:5
FNH:5
FNDA:21,(anonymous_1)
FNDA:20,(anonymous_2)
FNDA:7,(anonymous_3)
FNDA:3,(anonymous_4)
FNDA:1,(anonymous_5)
DA:3,1
DA:4,1
DA:5,1
DA:26,21
DA:28,21
DA:30,21
DA:31,21
DA:33,21
DA:34,4
DA:42,20
DA:43,20
DA:52,7
DA:53,3
DA:55,3
DA:56,1
DA:69,3
DA:71,3
DA:72,2
DA:75,1
DA:78,2
DA:87,1
DA:92,1
LF:22
LH:22
BRDA:26,1,0,21
BRDA:26,1,1,8
BRDA:28,2,0,21
BRDA:28,2,1,8
BRDA:30,3,0,21
BRDA:30,3,1,8
BRDA:31,4,0,21
BRDA:31,4,1,8
BRDA:52,5,0,3
BRDA:52,5,1,4
BRDA:55,6,0,1
BRDA:55,6,1,2
BRDA:69,7,0,3
BRDA:69,7,1,2
BRDA:71,8,0,2
BRDA:71,8,1,1
BRF:16
BRH:16
end_of_record
TN:
SF:/Users/lian.johnson/Projects/simple-limiter/src/RateLimiter.js
FN:21,(anonymous_1)
FN:43,(anonymous_2)
FN:56,(anonymous_3)
FN:70,(anonymous_4)
FN:85,(anonymous_5)
FN:107,(anonymous_6)
FN:120,(anonymous_7)
FNF:7
FNH:7
FNDA:32,(anonymous_1)
FNDA:2,(anonymous_2)
FNDA:29,(anonymous_3)
FNDA:34,(anonymous_4)
FNDA:34,(anonymous_5)
FNDA:12,(anonymous_6)
FNDA:21,(anonymous_7)
DA:3,32
DA:4,32
DA:22,32
DA:23,32
DA:24,32
DA:26,32
DA:27,26
DA:28,26
DA:29,26
DA:32,32
DA:33,32
DA:35,32
DA:36,2
DA:44,2
DA:45,6
DA:46,6
DA:47,5
DA:48,5
DA:57,29
DA:58,15
DA:59,15
DA:71,34
DA:72,2
DA:74,32
DA:75,6
DA:86,34
DA:88,26
DA:89,19
DA:90,19
DA:91,19
DA:93,19
DA:96,26
DA:108,12
DA:110,8
DA:121,21
DA:123,17
DA:128,32
LF:37
LH:37
BRDA:26,1,0,26
BRDA:26,1,1,6
BRDA:46,2,0,5
BRDA:46,2,1,1
BRDA:71,3,0,2
BRDA:71,3,1,32
BRDA:74,4,0,6
BRDA:74,4,1,26
BRDA:88,5,0,19
BRDA:88,5,1,7
BRF:10
BRH:10
end_of_record
